<?xml version="1.0" encoding="UTF-8"?>
<!-- Generated by org.testng.reporters.JUnitXMLReporter -->
<testsuite ignored="0" hostname="Praveen" failures="0" tests="3" name="Surefire test" time="0.065" errors="0" timestamp="2026-01-02T16:10:38 IST">
  <testcase classname="GitHubPractice.GitHubPracticeTest" name="gitHubPracticeTest" time="0.006"/>
  <testcase classname="Jenkinspractice.JenkinsPracticeTest" name="jenkinsPracticeTest" time="0.001"/>
  <testcase classname="MavenPractice.MavenPracticeTest" name="mavenPracticeTest" time="0.001"/>
</testsuite> <!-- Surefire test -->
