<?xml version="1.0" encoding="UTF-8"?>
<!-- Generated by org.testng.reporters.JUnitXMLReporter -->
<testsuite ignored="0" hostname="Praveen" failures="0" tests="3" name="Test" time="0.11" errors="0" timestamp="2025-12-31T18:14:06 IST">
  <testcase classname="Jenkinspractice.JenkinsPracticeTest" name="JenkinsPracticeTest" time="0.009"/>
  <testcase classname="GitHubPractice.GitHubPracticeTest" name="gitHubPracticeTest" time="0.004"/>
  <testcase classname="MavenPractice.MavenPracticeTest" name="mavenPracticeTest" time="0.0"/>
</testsuite> <!-- Test -->
