<?xml version="1.0" encoding="UTF-8"?>
<testng-results ignored="0" total="3" passed="3" failed="0" skipped="0">
  <reporter-output>
  </reporter-output>
  <suite started-at="2026-01-02T16:10:38 IST" name="Surefire suite" finished-at="2026-01-02T16:10:38 IST" duration-ms="65">
    <groups>
    </groups>
    <test started-at="2026-01-02T16:10:38 IST" name="Surefire test" finished-at="2026-01-02T16:10:38 IST" duration-ms="65">
      <class name="GitHubPractice.GitHubPracticeTest">
        <test-method signature="gitHubPracticeTest()[pri:0, instance:GitHubPractice.GitHubPracticeTest@778d1062]" started-at="2026-01-02T16:10:38 IST" name="gitHubPracticeTest" finished-at="2026-01-02T16:10:38 IST" duration-ms="6" status="PASS">
          <reporter-output>
          </reporter-output>
        </test-method> <!-- gitHubPracticeTest -->
      </class> <!-- GitHubPractice.GitHubPracticeTest -->
      <class name="Jenkinspractice.JenkinsPracticeTest">
        <test-method signature="jenkinsPracticeTest()[pri:0, instance:Jenkinspractice.JenkinsPracticeTest@1ed1993a]" started-at="2026-01-02T16:10:38 IST" name="jenkinsPracticeTest" finished-at="2026-01-02T16:10:38 IST" duration-ms="1" status="PASS">
          <reporter-output>
          </reporter-output>
        </test-method> <!-- jenkinsPracticeTest -->
      </class> <!-- Jenkinspractice.JenkinsPracticeTest -->
      <class name="MavenPractice.MavenPracticeTest">
        <test-method signature="mavenPracticeTest()[pri:0, instance:MavenPractice.MavenPracticeTest@1f3f4916]" started-at="2026-01-02T16:10:38 IST" name="mavenPracticeTest" finished-at="2026-01-02T16:10:38 IST" duration-ms="1" status="PASS">
          <reporter-output>
          </reporter-output>
        </test-method> <!-- mavenPracticeTest -->
      </class> <!-- MavenPractice.MavenPracticeTest -->
    </test> <!-- Surefire test -->
  </suite> <!-- Surefire suite -->
</testng-results>
