<?xml version="1.0" encoding="UTF-8"?>
<testng-results ignored="0" total="1" passed="1" failed="0" skipped="0">
  <reporter-output>
  </reporter-output>
  <suite started-at="2025-12-31T17:20:49 IST" name="Default suite" finished-at="2025-12-31T17:20:49 IST" duration-ms="98">
    <groups>
    </groups>
    <test started-at="2025-12-31T17:20:49 IST" name="Default test" finished-at="2025-12-31T17:20:49 IST" duration-ms="98">
      <class name="MavenPractice.MavenPracticeTest">
        <test-method signature="MavenPracticeTest()[pri:0, instance:MavenPractice.MavenPracticeTest@1aafa419]" started-at="2025-12-31T17:20:49 IST" name="MavenPracticeTest" finished-at="2025-12-31T17:20:49 IST" duration-ms="16" status="PASS">
          <reporter-output>
          </reporter-output>
        </test-method> <!-- MavenPracticeTest -->
      </class> <!-- MavenPractice.MavenPracticeTest -->
    </test> <!-- Default test -->
  </suite> <!-- Default suite -->
</testng-results>
